<?xml version="1.0" encoding="UTF-8"?>
<testng-results skipped="0" failed="1" ignored="0" total="5" passed="4">
  <reporter-output>
  </reporter-output>
  <suite name="Default suite" duration-ms="23287" started-at="2020-06-14T13:26:17Z" finished-at="2020-06-14T13:26:40Z">
    <groups>
    </groups>
    <test name="Default test" duration-ms="23287" started-at="2020-06-14T13:26:17Z" finished-at="2020-06-14T13:26:40Z">
      <class name="com.bikewale.websiteTest.bikewale_automationTest">
        <test-method status="PASS" signature="SetTheDriver()[pri:0, instance:com.bikewale.websiteTest.bikewale_automationTest@224edc67]" name="SetTheDriver" duration-ms="11942" started-at="2020-06-14T13:26:17Z" finished-at="2020-06-14T13:26:29Z">
          <reporter-output>
          </reporter-output>
        </test-method> <!-- SetTheDriver -->
        <test-method status="PASS" signature="LoginTest()[pri:1, instance:com.bikewale.websiteTest.bikewale_automationTest@224edc67]" name="LoginTest" duration-ms="4147" started-at="2020-06-14T13:26:29Z" description="User Login" finished-at="2020-06-14T13:26:33Z">
          <reporter-output>
          </reporter-output>
        </test-method> <!-- LoginTest -->
        <test-method status="PASS" signature="Fetch_Upcoming_Bikes()[pri:2, instance:com.bikewale.websiteTest.bikewale_automationTest@224edc67]" name="Fetch_Upcoming_Bikes" duration-ms="2987" started-at="2020-06-14T13:26:33Z" description="Fectching the details of Upcoming bikes" finished-at="2020-06-14T13:26:36Z">
          <reporter-output>
          </reporter-output>
        </test-method> <!-- Fetch_Upcoming_Bikes -->
        <test-method status="PASS" signature="closeBrowser()[pri:3, instance:com.bikewale.websiteTest.bikewale_automationTest@224edc67]" name="closeBrowser" duration-ms="4106" started-at="2020-06-14T13:26:36Z" finished-at="2020-06-14T13:26:40Z">
          <reporter-output>
          </reporter-output>
        </test-method> <!-- closeBrowser -->
        <test-method status="FAIL" signature="StoringData()[pri:4, instance:com.bikewale.websiteTest.bikewale_automationTest@224edc67]" name="StoringData" duration-ms="64" started-at="2020-06-14T13:26:40Z" finished-at="2020-06-14T13:26:40Z">
          <exception class="org.openqa.selenium.NoSuchSessionException">
            <message>
              <![CDATA[invalid session id
Build info: version: '3.141.59', revision: 'e82be7d358', time: '2018-11-14T08:25:48'
System info: host: 'SUBHASHMADINENI', ip: '192.168.43.241', os.name: 'Windows 10', os.arch: 'amd64', os.version: '10.0', java.version: '1.8.0_251'
Driver info: org.openqa.selenium.chrome.ChromeDriver
Capabilities {acceptInsecureCerts: false, browserName: chrome, browserVersion: 83.0.4103.97, chrome: {chromedriverVersion: 83.0.4103.39 (ccbf011cb2d2b..., userDataDir: D:\Users\subhash\AppData\Lo...}, goog:chromeOptions: {debuggerAddress: localhost:59554}, javascriptEnabled: true, networkConnectionEnabled: false, pageLoadStrategy: normal, platform: WINDOWS, platformName: WINDOWS, proxy: Proxy(), setWindowRect: true, strictFileInteractability: false, timeouts: {implicit: 0, pageLoad: 300000, script: 30000}, unhandledPromptBehavior: dismiss and notify, webauthn:virtualAuthenticators: true}
Session ID: c7059a6fabe876ec0afba73abc9966de
*** Element info: {Using=xpath, value=//*[@id="upcoming-bikes"]/div[1]/div[1]/div[2]/ul/li[1]/a/div[2]/span[1]}]]>
            </message>
            <full-stacktrace>
              <![CDATA[org.openqa.selenium.NoSuchSessionException: invalid session id
Build info: version: '3.141.59', revision: 'e82be7d358', time: '2018-11-14T08:25:48'
System info: host: 'SUBHASHMADINENI', ip: '192.168.43.241', os.name: 'Windows 10', os.arch: 'amd64', os.version: '10.0', java.version: '1.8.0_251'
Driver info: org.openqa.selenium.chrome.ChromeDriver
Capabilities {acceptInsecureCerts: false, browserName: chrome, browserVersion: 83.0.4103.97, chrome: {chromedriverVersion: 83.0.4103.39 (ccbf011cb2d2b..., userDataDir: D:\Users\subhash\AppData\Lo...}, goog:chromeOptions: {debuggerAddress: localhost:59554}, javascriptEnabled: true, networkConnectionEnabled: false, pageLoadStrategy: normal, platform: WINDOWS, platformName: WINDOWS, proxy: Proxy(), setWindowRect: true, strictFileInteractability: false, timeouts: {implicit: 0, pageLoad: 300000, script: 30000}, unhandledPromptBehavior: dismiss and notify, webauthn:virtualAuthenticators: true}
Session ID: c7059a6fabe876ec0afba73abc9966de
*** Element info: {Using=xpath, value=//*[@id="upcoming-bikes"]/div[1]/div[1]/div[2]/ul/li[1]/a/div[2]/span[1]}
at sun.reflect.NativeConstructorAccessorImpl.newInstance0(Native Method)
at sun.reflect.NativeConstructorAccessorImpl.newInstance(Unknown Source)
at sun.reflect.DelegatingConstructorAccessorImpl.newInstance(Unknown Source)
at java.lang.reflect.Constructor.newInstance(Unknown Source)
at org.openqa.selenium.remote.http.W3CHttpResponseCodec.createException(W3CHttpResponseCodec.java:187)
at org.openqa.selenium.remote.http.W3CHttpResponseCodec.decode(W3CHttpResponseCodec.java:122)
at org.openqa.selenium.remote.http.W3CHttpResponseCodec.decode(W3CHttpResponseCodec.java:49)
at org.openqa.selenium.remote.HttpCommandExecutor.execute(HttpCommandExecutor.java:158)
at org.openqa.selenium.remote.service.DriverCommandExecutor.execute(DriverCommandExecutor.java:83)
at org.openqa.selenium.remote.RemoteWebDriver.execute(RemoteWebDriver.java:552)
at org.openqa.selenium.remote.RemoteWebDriver.findElements(RemoteWebDriver.java:353)
at org.openqa.selenium.remote.RemoteWebDriver.findElementsByXPath(RemoteWebDriver.java:432)
at org.openqa.selenium.By$ByXPath.findElements(By.java:348)
at org.openqa.selenium.remote.RemoteWebDriver.findElements(RemoteWebDriver.java:311)
at com.bikewale.websiteTest.bikewale_automationTest.StoringData(bikewale_automationTest.java:100)
at sun.reflect.NativeMethodAccessorImpl.invoke0(Native Method)
at sun.reflect.NativeMethodAccessorImpl.invoke(Unknown Source)
at sun.reflect.DelegatingMethodAccessorImpl.invoke(Unknown Source)
at java.lang.reflect.Method.invoke(Unknown Source)
at org.testng.internal.MethodInvocationHelper.invokeMethod(MethodInvocationHelper.java:124)
at org.testng.internal.Invoker.invokeMethod(Invoker.java:583)
at org.testng.internal.Invoker.invokeTestMethod(Invoker.java:719)
at org.testng.internal.Invoker.invokeTestMethods(Invoker.java:989)
at org.testng.internal.TestMethodWorker.invokeTestMethods(TestMethodWorker.java:125)
at org.testng.internal.TestMethodWorker.run(TestMethodWorker.java:109)
at org.testng.TestRunner.privateRun(TestRunner.java:648)
at org.testng.TestRunner.run(TestRunner.java:505)
at org.testng.SuiteRunner.runTest(SuiteRunner.java:455)
at org.testng.SuiteRunner.runSequentially(SuiteRunner.java:450)
at org.testng.SuiteRunner.privateRun(SuiteRunner.java:415)
at org.testng.SuiteRunner.run(SuiteRunner.java:364)
at org.testng.SuiteRunnerWorker.runSuite(SuiteRunnerWorker.java:52)
at org.testng.SuiteRunnerWorker.run(SuiteRunnerWorker.java:84)
at org.testng.TestNG.runSuitesSequentially(TestNG.java:1208)
at org.testng.TestNG.runSuitesLocally(TestNG.java:1137)
at org.testng.TestNG.runSuites(TestNG.java:1049)
at org.testng.TestNG.run(TestNG.java:1017)
at org.testng.remote.AbstractRemoteTestNG.run(AbstractRemoteTestNG.java:114)
at org.testng.remote.RemoteTestNG.initAndRun(RemoteTestNG.java:251)
at org.testng.remote.RemoteTestNG.main(RemoteTestNG.java:77)
]]>
            </full-stacktrace>
          </exception> <!-- org.openqa.selenium.NoSuchSessionException -->
          <reporter-output>
          </reporter-output>
        </test-method> <!-- StoringData -->
      </class> <!-- com.bikewale.websiteTest.bikewale_automationTest -->
    </test> <!-- Default test -->
  </suite> <!-- Default suite -->
</testng-results>
